  Generate moc_predefs.h
  csegyread.cpp
  icontextbutton.cpp
  main.cpp
  mainwindow.cpp
  util.cpp
  zoomer.cpp
E:\Proj\QtProj\shiyouT\csegyread.cpp(1,1): warning C4819: 该文件包含不能在当前代码页(936)中表示的字符。请将该文件保存为 Unicode 格式以防止数据丢失
E:\Proj\QtProj\shiyouT\csegyread.h(1,1): warning C4819: 该文件包含不能在当前代码页(936)中表示的字符。请将该文件保存为 Unicode 格式以防止数据丢失 (编译源文件 csegyread.cpp)
E:\Proj\QtProj\shiyouT\icontextbutton.cpp(1,1): warning C4819: 该文件包含不能在当前代码页(936)中表示的字符。请将该文件保存为 Unicode 格式以防止数据丢失
E:\Proj\QtProj\shiyouT\zoomer.cpp(1,1): warning C4819: 该文件包含不能在当前代码页(936)中表示的字符。请将该文件保存为 Unicode 格式以防止数据丢失
E:\Proj\QtProj\shiyouT\main.cpp(1,1): warning C4819: 该文件包含不能在当前代码页(936)中表示的字符。请将该文件保存为 Unicode 格式以防止数据丢失
E:\Proj\QtProj\shiyouT\mainwindow.cpp(1,1): warning C4819: 该文件包含不能在当前代码页(936)中表示的字符。请将该文件保存为 Unicode 格式以防止数据丢失
E:\Proj\QtProj\shiyouT\mainwindow.h(1,1): warning C4819: 该文件包含不能在当前代码页(936)中表示的字符。请将该文件保存为 Unicode 格式以防止数据丢失 (编译源文件 mainwindow.cpp)
E:\Proj\QtProj\shiyouT\csegyread.h(190,6): error C2059: 语法错误:“-” (编译源文件 csegyread.cpp)
E:\Proj\QtProj\shiyouT\csegyread.h(190,11): error C3872: “0x2015”: 此字符不允许在标识符中使用 (编译源文件 csegyread.cpp)
E:\Proj\QtProj\shiyouT\csegyread.h(190,61): error C3872: “0xe15f”: 此字符不允许在标识符中使用 (编译源文件 csegyread.cpp)
E:\Proj\QtProj\shiyouT\csegyread.h(191,10): error C3872: “0xe046”: 此字符不允许在标识符中使用 (编译源文件 csegyread.cpp)
E:\Proj\QtProj\shiyouT\csegyread.h(199,6): warning C4138: 在注释外找到“*/” (编译源文件 csegyread.cpp)
E:\Proj\QtProj\shiyouT\csegyread.h(201,23): error C2238: 意外的标记位于“;”之前 (编译源文件 csegyread.cpp)
E:\app\vs2022\ideSet\VC\Tools\MSVC\14.36.32532\include\cmath(558,1): error C2059: 语法错误:“namespace” (编译源文件 csegyread.cpp)
E:\app\vs2022\ideSet\VC\Tools\MSVC\14.36.32532\include\cmath(558,1): error C2334: “{”的前面有意外标记；跳过明显的函数体 (编译源文件 csegyread.cpp)
E:\app\vs2022\ideSet\VC\Tools\MSVC\14.36.32532\include\cmath(572,17): error C2039: "_Common_float_type_t": 不是 "std" 的成员 (编译源文件 csegyread.cpp)
E:\app\vs2022\ideSet\VC\Tools\MSVC\14.36.32532\include\vector(26,1): message : 参见“std”的声明 (编译源文件 csegyread.cpp)
E:\app\vs2022\ideSet\VC\Tools\MSVC\14.36.32532\include\cmath(572,37): error C2988: 不可识别的模板声明/定义 (编译源文件 csegyread.cpp)
E:\app\vs2022\ideSet\VC\Tools\MSVC\14.36.32532\include\cmath(572,37): error C2143: 语法错误: 缺少“;”(在“<”的前面) (编译源文件 csegyread.cpp)
E:\app\vs2022\ideSet\VC\Tools\MSVC\14.36.32532\include\cmath(572): error C2238: 意外的标记位于“;”之前 (编译源文件 csegyread.cpp)
E:\app\vs2022\ideSet\VC\Tools\MSVC\14.36.32532\include\cmath(572,37): error C2059: 语法错误:“<” (编译源文件 csegyread.cpp)
E:\app\vs2022\ideSet\VC\Tools\MSVC\14.36.32532\include\cmath(572,49): error C2039: "_Common_float_type_t": 不是 "std" 的成员 (编译源文件 csegyread.cpp)
E:\app\vs2022\ideSet\VC\Tools\MSVC\14.36.32532\include\vector(26,1): message : 参见“std”的声明 (编译源文件 csegyread.cpp)
E:\app\vs2022\ideSet\VC\Tools\MSVC\14.36.32532\include\cmath(573,72): error C2334: “{”的前面有意外标记；跳过明显的函数体 (编译源文件 csegyread.cpp)
E:\app\vs2022\ideSet\VC\Tools\MSVC\14.36.32532\include\cmath(585,6): error C2039: "_Common_float_type_t": 不是 "std" 的成员 (编译源文件 csegyread.cpp)
E:\app\vs2022\ideSet\VC\Tools\MSVC\14.36.32532\include\vector(26,1): message : 参见“std”的声明 (编译源文件 csegyread.cpp)
E:\app\vs2022\ideSet\VC\Tools\MSVC\14.36.32532\include\cmath(585,26): error C2988: 不可识别的模板声明/定义 (编译源文件 csegyread.cpp)
E:\app\vs2022\ideSet\VC\Tools\MSVC\14.36.32532\include\cmath(585,26): error C2143: 语法错误: 缺少“;”(在“<”的前面) (编译源文件 csegyread.cpp)
E:\app\vs2022\ideSet\VC\Tools\MSVC\14.36.32532\include\cmath(585): error C2238: 意外的标记位于“;”之前 (编译源文件 csegyread.cpp)
E:\app\vs2022\ideSet\VC\Tools\MSVC\14.36.32532\include\cmath(585,26): error C2059: 语法错误:“<” (编译源文件 csegyread.cpp)
E:\app\vs2022\ideSet\VC\Tools\MSVC\14.36.32532\include\cmath(585,111): error C2334: “{”的前面有意外标记；跳过明显的函数体 (编译源文件 csegyread.cpp)
E:\app\vs2022\ideSet\VC\Tools\MSVC\14.36.32532\include\cmath(646,1): error C2039: "_Common_float_type_t": 不是 "std" 的成员 (编译源文件 csegyread.cpp)
E:\app\vs2022\ideSet\VC\Tools\MSVC\14.36.32532\include\vector(26,1): message : 参见“std”的声明 (编译源文件 csegyread.cpp)
E:\app\vs2022\ideSet\VC\Tools\MSVC\14.36.32532\include\cmath(646,1): error C2988: 不可识别的模板声明/定义 (编译源文件 csegyread.cpp)
E:\app\vs2022\ideSet\VC\Tools\MSVC\14.36.32532\include\cmath(646,1): error C2143: 语法错误: 缺少“;”(在“<”的前面) (编译源文件 csegyread.cpp)
E:\app\vs2022\ideSet\VC\Tools\MSVC\14.36.32532\include\cmath(646): error C2238: 意外的标记位于“;”之前 (编译源文件 csegyread.cpp)
E:\app\vs2022\ideSet\VC\Tools\MSVC\14.36.32532\include\cmath(646,1): error C2059: 语法错误:“<” (编译源文件 csegyread.cpp)
E:\app\vs2022\ideSet\VC\Tools\MSVC\14.36.32532\include\cmath(646,1): error C2334: “{”的前面有意外标记；跳过明显的函数体 (编译源文件 csegyread.cpp)
E:\app\vs2022\ideSet\VC\Tools\MSVC\14.36.32532\include\cmath(673,1): error C2039: "_Common_float_type_t": 不是 "std" 的成员 (编译源文件 csegyread.cpp)
E:\app\vs2022\ideSet\VC\Tools\MSVC\14.36.32532\include\vector(26,1): message : 参见“std”的声明 (编译源文件 csegyread.cpp)
E:\app\vs2022\ideSet\VC\Tools\MSVC\14.36.32532\include\cmath(673,1): error C2988: 不可识别的模板声明/定义 (编译源文件 csegyread.cpp)
E:\app\vs2022\ideSet\VC\Tools\MSVC\14.36.32532\include\cmath(673,1): error C2143: 语法错误: 缺少“;”(在“<”的前面) (编译源文件 csegyread.cpp)
E:\app\vs2022\ideSet\VC\Tools\MSVC\14.36.32532\include\cmath(673): error C2238: 意外的标记位于“;”之前 (编译源文件 csegyread.cpp)
E:\app\vs2022\ideSet\VC\Tools\MSVC\14.36.32532\include\cmath(673,1): error C2059: 语法错误:“<” (编译源文件 csegyread.cpp)
E:\app\vs2022\ideSet\VC\Tools\MSVC\14.36.32532\include\cmath(673,1): error C2334: “{”的前面有意外标记；跳过明显的函数体 (编译源文件 csegyread.cpp)
E:\app\vs2022\ideSet\VC\Tools\MSVC\14.36.32532\include\cmath(675,1): error C2039: "_Common_float_type_t": 不是 "std" 的成员 (编译源文件 csegyread.cpp)
E:\app\vs2022\ideSet\VC\Tools\MSVC\14.36.32532\include\vector(26,1): message : 参见“std”的声明 (编译源文件 csegyread.cpp)
E:\app\vs2022\ideSet\VC\Tools\MSVC\14.36.32532\include\cmath(675,1): error C2988: 不可识别的模板声明/定义 (编译源文件 csegyread.cpp)
E:\app\vs2022\ideSet\VC\Tools\MSVC\14.36.32532\include\cmath(675,1): error C2143: 语法错误: 缺少“;”(在“<”的前面) (编译源文件 csegyread.cpp)
E:\app\vs2022\ideSet\VC\Tools\MSVC\14.36.32532\include\cmath(675): error C2238: 意外的标记位于“;”之前 (编译源文件 csegyread.cpp)
E:\app\vs2022\ideSet\VC\Tools\MSVC\14.36.32532\include\cmath(675,1): error C2059: 语法错误:“<” (编译源文件 csegyread.cpp)
E:\app\vs2022\ideSet\VC\Tools\MSVC\14.36.32532\include\cmath(675,1): error C2334: “{”的前面有意外标记；跳过明显的函数体 (编译源文件 csegyread.cpp)
E:\app\vs2022\ideSet\VC\Tools\MSVC\14.36.32532\include\cmath(691,1): error C2039: "_Common_float_type_t": 不是 "std" 的成员 (编译源文件 csegyread.cpp)
E:\app\vs2022\ideSet\VC\Tools\MSVC\14.36.32532\include\vector(26,1): message : 参见“std”的声明 (编译源文件 csegyread.cpp)
E:\app\vs2022\ideSet\VC\Tools\MSVC\14.36.32532\include\cmath(691,1): error C2988: 不可识别的模板声明/定义 (编译源文件 csegyread.cpp)
E:\app\vs2022\ideSet\VC\Tools\MSVC\14.36.32532\include\cmath(691,1): error C2143: 语法错误: 缺少“;”(在“<”的前面) (编译源文件 csegyread.cpp)
E:\app\vs2022\ideSet\VC\Tools\MSVC\14.36.32532\include\cmath(691): error C2238: 意外的标记位于“;”之前 (编译源文件 csegyread.cpp)
E:\app\vs2022\ideSet\VC\Tools\MSVC\14.36.32532\include\cmath(691,1): error C2059: 语法错误:“<” (编译源文件 csegyread.cpp)
E:\app\vs2022\ideSet\VC\Tools\MSVC\14.36.32532\include\cmath(691,1): error C2334: “{”的前面有意外标记；跳过明显的函数体 (编译源文件 csegyread.cpp)
E:\app\vs2022\ideSet\VC\Tools\MSVC\14.36.32532\include\cmath(692,1): error C2039: "_Common_float_type_t": 不是 "std" 的成员 (编译源文件 csegyread.cpp)
E:\app\vs2022\ideSet\VC\Tools\MSVC\14.36.32532\include\vector(26,1): message : 参见“std”的声明 (编译源文件 csegyread.cpp)
E:\app\vs2022\ideSet\VC\Tools\MSVC\14.36.32532\include\cmath(692,1): error C2988: 不可识别的模板声明/定义 (编译源文件 csegyread.cpp)
E:\app\vs2022\ideSet\VC\Tools\MSVC\14.36.32532\include\cmath(692,1): error C2143: 语法错误: 缺少“;”(在“<”的前面) (编译源文件 csegyread.cpp)
E:\app\vs2022\ideSet\VC\Tools\MSVC\14.36.32532\include\cmath(692): error C2238: 意外的标记位于“;”之前 (编译源文件 csegyread.cpp)
E:\app\vs2022\ideSet\VC\Tools\MSVC\14.36.32532\include\cmath(692,1): error C2059: 语法错误:“<” (编译源文件 csegyread.cpp)
E:\app\vs2022\ideSet\VC\Tools\MSVC\14.36.32532\include\cmath(692,1): error C2334: “{”的前面有意外标记；跳过明显的函数体 (编译源文件 csegyread.cpp)
E:\app\vs2022\ideSet\VC\Tools\MSVC\14.36.32532\include\cmath(694,1): error C2039: "_Common_float_type_t": 不是 "std" 的成员 (编译源文件 csegyread.cpp)
E:\app\vs2022\ideSet\VC\Tools\MSVC\14.36.32532\include\vector(26,1): message : 参见“std”的声明 (编译源文件 csegyread.cpp)
E:\app\vs2022\ideSet\VC\Tools\MSVC\14.36.32532\include\cmath(694,1): error C2988: 不可识别的模板声明/定义 (编译源文件 csegyread.cpp)
E:\app\vs2022\ideSet\VC\Tools\MSVC\14.36.32532\include\cmath(694,1): error C2143: 语法错误: 缺少“;”(在“<”的前面) (编译源文件 csegyread.cpp)
E:\app\vs2022\ideSet\VC\Tools\MSVC\14.36.32532\include\cmath(694): error C2238: 意外的标记位于“;”之前 (编译源文件 csegyread.cpp)
E:\app\vs2022\ideSet\VC\Tools\MSVC\14.36.32532\include\cmath(694,1): error C2059: 语法错误:“<” (编译源文件 csegyread.cpp)
E:\app\vs2022\ideSet\VC\Tools\MSVC\14.36.32532\include\cmath(694,1): error C2334: “{”的前面有意外标记；跳过明显的函数体 (编译源文件 csegyread.cpp)
E:\app\vs2022\ideSet\VC\Tools\MSVC\14.36.32532\include\cmath(696,1): error C2039: "_Common_float_type_t": 不是 "std" 的成员 (编译源文件 csegyread.cpp)
E:\app\vs2022\ideSet\VC\Tools\MSVC\14.36.32532\include\vector(26,1): message : 参见“std”的声明 (编译源文件 csegyread.cpp)
E:\app\vs2022\ideSet\VC\Tools\MSVC\14.36.32532\include\cmath(696,1): error C2988: 不可识别的模板声明/定义 (编译源文件 csegyread.cpp)
E:\app\vs2022\ideSet\VC\Tools\MSVC\14.36.32532\include\cmath(696,1): error C2143: 语法错误: 缺少“;”(在“<”的前面) (编译源文件 csegyread.cpp)
E:\app\vs2022\ideSet\VC\Tools\MSVC\14.36.32532\include\cmath(696): error C2238: 意外的标记位于“;”之前 (编译源文件 csegyread.cpp)
E:\app\vs2022\ideSet\VC\Tools\MSVC\14.36.32532\include\cmath(696,1): error C2059: 语法错误:“<” (编译源文件 csegyread.cpp)
E:\app\vs2022\ideSet\VC\Tools\MSVC\14.36.32532\include\cmath(696,1): error C2334: “{”的前面有意外标记；跳过明显的函数体 (编译源文件 csegyread.cpp)
E:\app\vs2022\ideSet\VC\Tools\MSVC\14.36.32532\include\cmath(698,1): error C2039: "_Common_float_type_t": 不是 "std" 的成员 (编译源文件 csegyread.cpp)
E:\app\vs2022\ideSet\VC\Tools\MSVC\14.36.32532\include\vector(26,1): message : 参见“std”的声明 (编译源文件 csegyread.cpp)
E:\app\vs2022\ideSet\VC\Tools\MSVC\14.36.32532\include\cmath(698,1): error C2988: 不可识别的模板声明/定义 (编译源文件 csegyread.cpp)
E:\app\vs2022\ideSet\VC\Tools\MSVC\14.36.32532\include\cmath(698,1): error C2143: 语法错误: 缺少“;”(在“<”的前面) (编译源文件 csegyread.cpp)
E:\app\vs2022\ideSet\VC\Tools\MSVC\14.36.32532\include\cmath(698): error C2238: 意外的标记位于“;”之前 (编译源文件 csegyread.cpp)
E:\app\vs2022\ideSet\VC\Tools\MSVC\14.36.32532\include\cmath(698,1): error C2059: 语法错误:“<” (编译源文件 csegyread.cpp)
E:\app\vs2022\ideSet\VC\Tools\MSVC\14.36.32532\include\cmath(698,1): error C2334: “{”的前面有意外标记；跳过明显的函数体 (编译源文件 csegyread.cpp)
E:\app\vs2022\ideSet\VC\Tools\MSVC\14.36.32532\include\cmath(699,1): error C2039: "_Common_float_type_t": 不是 "std" 的成员 (编译源文件 csegyread.cpp)
E:\app\vs2022\ideSet\VC\Tools\MSVC\14.36.32532\include\vector(26,1): message : 参见“std”的声明 (编译源文件 csegyread.cpp)
E:\app\vs2022\ideSet\VC\Tools\MSVC\14.36.32532\include\cmath(699,1): error C2988: 不可识别的模板声明/定义 (编译源文件 csegyread.cpp)
E:\app\vs2022\ideSet\VC\Tools\MSVC\14.36.32532\include\cmath(699,1): error C2143: 语法错误: 缺少“;”(在“<”的前面) (编译源文件 csegyread.cpp)
E:\app\vs2022\ideSet\VC\Tools\MSVC\14.36.32532\include\cmath(699): error C2238: 意外的标记位于“;”之前 (编译源文件 csegyread.cpp)
E:\app\vs2022\ideSet\VC\Tools\MSVC\14.36.32532\include\cmath(699,1): error C2059: 语法错误:“<” (编译源文件 csegyread.cpp)
E:\app\vs2022\ideSet\VC\Tools\MSVC\14.36.32532\include\cmath(699,1): error C2334: “{”的前面有意外标记；跳过明显的函数体 (编译源文件 csegyread.cpp)
E:\app\vs2022\ideSet\VC\Tools\MSVC\14.36.32532\include\cmath(700,1): error C2039: "_Common_float_type_t": 不是 "std" 的成员 (编译源文件 csegyread.cpp)
E:\app\vs2022\ideSet\VC\Tools\MSVC\14.36.32532\include\vector(26,1): message : 参见“std”的声明 (编译源文件 csegyread.cpp)
E:\app\vs2022\ideSet\VC\Tools\MSVC\14.36.32532\include\cmath(700,1): error C2988: 不可识别的模板声明/定义 (编译源文件 csegyread.cpp)
E:\app\vs2022\ideSet\VC\Tools\MSVC\14.36.32532\include\cmath(700,1): error C2143: 语法错误: 缺少“;”(在“<”的前面) (编译源文件 csegyread.cpp)
E:\app\vs2022\ideSet\VC\Tools\MSVC\14.36.32532\include\cmath(700): error C2238: 意外的标记位于“;”之前 (编译源文件 csegyread.cpp)
E:\app\vs2022\ideSet\VC\Tools\MSVC\14.36.32532\include\cmath(700,1): error C2059: 语法错误:“<” (编译源文件 csegyread.cpp)
E:\app\vs2022\ideSet\VC\Tools\MSVC\14.36.32532\include\cmath(700,1): error C2334: “{”的前面有意外标记；跳过明显的函数体 (编译源文件 csegyread.cpp)
E:\app\vs2022\ideSet\VC\Tools\MSVC\14.36.32532\include\cmath(716,1): error C2988: 不可识别的模板声明/定义 (编译源文件 csegyread.cpp)
E:\app\vs2022\ideSet\VC\Tools\MSVC\14.36.32532\include\cmath(716,1): error C2059: 语法错误:“namespace” (编译源文件 csegyread.cpp)
E:\app\vs2022\ideSet\VC\Tools\MSVC\14.36.32532\include\cmath(716,1): error C2334: “{”的前面有意外标记；跳过明显的函数体 (编译源文件 csegyread.cpp)
E:\app\vs2022\ideSet\VC\Tools\MSVC\14.36.32532\include\__msvc_system_error_abi.hpp(26,1): error C2988: 不可识别的模板声明/定义 (编译源文件 csegyread.cpp)
E:\app\vs2022\ideSet\VC\Tools\MSVC\14.36.32532\include\__msvc_system_error_abi.hpp(26,1): error C2059: 语法错误:“字符串” (编译源文件 csegyread.cpp)
E:\app\vs2022\ideSet\VC\Tools\MSVC\14.36.32532\include\__msvc_system_error_abi.hpp(26,1): error C2334: “{”的前面有意外标记；跳过明显的函数体 (编译源文件 csegyread.cpp)
E:\app\vs2022\ideSet\VC\Tools\MSVC\14.36.32532\include\stdexcept(20,1): error C2988: 不可识别的模板声明/定义 (编译源文件 csegyread.cpp)
E:\app\vs2022\ideSet\VC\Tools\MSVC\14.36.32532\include\stdexcept(20,1): error C2059: 语法错误:“namespace” (编译源文件 csegyread.cpp)
E:\app\vs2022\ideSet\VC\Tools\MSVC\14.36.32532\include\stdexcept(20,1): error C2334: “{”的前面有意外标记；跳过明显的函数体 (编译源文件 csegyread.cpp)
E:\app\vs2022\ideSet\VC\Tools\MSVC\14.36.32532\include\stdexcept(20,1): fatal  error C1003: 错误计数超过 100；正在停止编译 (编译源文件 csegyread.cpp)
E:\Proj\QtProj\shiyouT\util.cpp(63,24): warning C4101: “signl”: 未引用的局部变量
E:\Proj\QtProj\shiyouT\util.cpp(222,35): warning C4101: “u”: 未引用的局部变量
E:\Proj\QtProj\shiyouT\util.cpp(348,50): warning C4100: “ebcd”: 未引用的形参
E:\Proj\QtProj\shiyouT\util.cpp(348,28): warning C4100: “ascii”: 未引用的形参
E:\Proj\QtProj\shiyouT\csegyread.h(1,1): warning C4819: 该文件包含不能在当前代码页(936)中表示的字符。请将该文件保存为 Unicode 格式以防止数据丢失 (编译源文件 mainwindow.cpp)
E:\Proj\QtProj\shiyouT\zoomer.cpp(172,1): fatal  error C1071: 在注释中遇到意外的文件结束
E:\Proj\QtProj\shiyouT\csegyread.h(190,6): error C2059: 语法错误:“-” (编译源文件 mainwindow.cpp)
E:\Proj\QtProj\shiyouT\csegyread.h(190,11): error C3872: “0x2015”: 此字符不允许在标识符中使用 (编译源文件 mainwindow.cpp)
E:\Proj\QtProj\shiyouT\csegyread.h(190,61): error C3872: “0xe15f”: 此字符不允许在标识符中使用 (编译源文件 mainwindow.cpp)
E:\Proj\QtProj\shiyouT\csegyread.h(191,10): error C3872: “0xe046”: 此字符不允许在标识符中使用 (编译源文件 mainwindow.cpp)
E:\Proj\QtProj\shiyouT\csegyread.h(199,6): warning C4138: 在注释外找到“*/” (编译源文件 mainwindow.cpp)
E:\Proj\QtProj\shiyouT\csegyread.h(201,23): error C2238: 意外的标记位于“;”之前 (编译源文件 mainwindow.cpp)
E:\app\QT\5.15.2\mingw81_64\include\Qwt\qwt_event_pattern.h(227,13): error C2804: 二进制“operator ==”的参数太多 (编译源文件 mainwindow.cpp)
E:\app\QT\5.15.2\mingw81_64\include\Qwt\qwt_event_pattern.h(229,1): error C2333: “TRACEHEADER::operator ==”: 函数声明中有错误；跳过函数体 (编译源文件 mainwindow.cpp)
E:\app\QT\5.15.2\mingw81_64\include\Qwt\qwt_event_pattern.h(234,13): error C2804: 二进制“operator ==”的参数太多 (编译源文件 mainwindow.cpp)
E:\app\QT\5.15.2\mingw81_64\include\Qwt\qwt_event_pattern.h(236,1): error C2333: “TRACEHEADER::operator ==”: 函数声明中有错误；跳过函数体 (编译源文件 mainwindow.cpp)
E:\app\geoEast\NGP\Qt\Qt5.9.9\5.9.9\msvc2017_64\include\QtCore\qstack.h(61,21): error C3254: “TRACEHEADER”: 类包含显式重写“pop”，但并不从包含函数声明的接口派生 (编译源文件 mainwindow.cpp)
E:\app\geoEast\NGP\Qt\Qt5.9.9\5.9.9\msvc2017_64\include\QtCore\qstack.h(61,21): error C2838: “pop”: 成员声明中的限定名称非法 (编译源文件 mainwindow.cpp)
E:\app\geoEast\NGP\Qt\Qt5.9.9\5.9.9\msvc2017_64\include\QtCore\qstack.h(66,22): error C3254: “TRACEHEADER”: 类包含显式重写“top”，但并不从包含函数声明的接口派生 (编译源文件 mainwindow.cpp)
E:\app\geoEast\NGP\Qt\Qt5.9.9\5.9.9\msvc2017_64\include\QtCore\qstack.h(66,22): error C2838: “top”: 成员声明中的限定名称非法 (编译源文件 mainwindow.cpp)
E:\app\geoEast\NGP\Qt\Qt5.9.9\5.9.9\msvc2017_64\include\QtCore\qstack.h(70,28): error C3254: “TRACEHEADER”: 类包含显式重写“top”，但并不从包含函数声明的接口派生 (编译源文件 mainwindow.cpp)
E:\app\geoEast\NGP\Qt\Qt5.9.9\5.9.9\msvc2017_64\include\QtCore\qstack.h(70,28): error C2838: “top”: 成员声明中的限定名称非法 (编译源文件 mainwindow.cpp)
E:\app\QT\5.15.2\mingw81_64\include\Qwt\qwt_plot_canvas.h(169,1): error C2804: 二进制“operator |”的参数太多 (编译源文件 mainwindow.cpp)
E:\app\QT\5.15.2\mingw81_64\include\Qwt\qwt_plot_canvas.h(169,1): error C2333: “TRACEHEADER::operator |”: 函数声明中有错误；跳过函数体 (编译源文件 mainwindow.cpp)
E:\app\geoEast\NGP\Qt\Qt5.9.9\5.9.9\msvc2017_64\include\QtCore\qurl.h(118,97): error C3412: “TRACEHEADER::QTypeInfo<TRACEHEADER::QUrlTwoFlags<E1,E2>>”: 不能在当前范围内专用化模板 (编译源文件 mainwindow.cpp)
E:\app\geoEast\NGP\Qt\Qt5.9.9\5.9.9\msvc2017_64\include\QtCore\qurl.h(375,1): error C3412: “QTypeInfo<TRACEHEADER::QUrl>”: 不能在当前范围内专用化模板 (编译源文件 mainwindow.cpp)
E:\app\geoEast\NGP\Qt\Qt5.9.9\5.9.9\msvc2017_64\include\QtCore\qurl.h(376,1): error C2804: 二进制“operator |”的参数太多 (编译源文件 mainwindow.cpp)
E:\app\geoEast\NGP\Qt\Qt5.9.9\5.9.9\msvc2017_64\include\QtCore\qurl.h(376,1): error C2333: “TRACEHEADER::operator |”: 函数声明中有错误；跳过函数体 (编译源文件 mainwindow.cpp)
E:\app\geoEast\NGP\Qt\Qt5.9.9\5.9.9\msvc2017_64\include\QtCore\qurl.h(380,49): error C2804: 二进制“operator |”的参数太多 (编译源文件 mainwindow.cpp)
E:\app\geoEast\NGP\Qt\Qt5.9.9\5.9.9\msvc2017_64\include\QtCore\qurl.h(381,1): error C2333: “TRACEHEADER::operator |”: 函数声明中有错误；跳过函数体 (编译源文件 mainwindow.cpp)
E:\app\geoEast\NGP\Qt\Qt5.9.9\5.9.9\msvc2017_64\include\QtCore\qurl.h(382,49): error C2804: 二进制“operator |”的参数太多 (编译源文件 mainwindow.cpp)
E:\app\geoEast\NGP\Qt\Qt5.9.9\5.9.9\msvc2017_64\include\QtCore\qurl.h(383,1): error C2333: “TRACEHEADER::operator |”: 函数声明中有错误；跳过函数体 (编译源文件 mainwindow.cpp)
E:\app\geoEast\NGP\Qt\Qt5.9.9\5.9.9\msvc2017_64\include\QtCore\qurl.h(384,43): error C2804: 二进制“operator |”的参数太多 (编译源文件 mainwindow.cpp)
E:\app\geoEast\NGP\Qt\Qt5.9.9\5.9.9\msvc2017_64\include\QtCore\qurl.h(385,1): error C2333: “TRACEHEADER::operator |”: 函数声明中有错误；跳过函数体 (编译源文件 mainwindow.cpp)
E:\app\geoEast\NGP\Qt\Qt5.9.9\5.9.9\msvc2017_64\include\QtCore\qurl.h(388,33): error C2804: 二进制“operator |=”的参数太多 (编译源文件 mainwindow.cpp)
E:\app\geoEast\NGP\Qt\Qt5.9.9\5.9.9\msvc2017_64\include\QtCore\qurl.h(389,1): error C2333: “TRACEHEADER::operator |=”: 函数声明中有错误；跳过函数体 (编译源文件 mainwindow.cpp)
E:\app\geoEast\NGP\Qt\Qt5.9.9\5.9.9\msvc2017_64\include\QtCore\qurl.h(390,49): error C2804: 二进制“operator |”的参数太多 (编译源文件 mainwindow.cpp)
E:\app\geoEast\NGP\Qt\Qt5.9.9\5.9.9\msvc2017_64\include\QtCore\qurl.h(391,1): error C2333: “TRACEHEADER::operator |”: 函数声明中有错误；跳过函数体 (编译源文件 mainwindow.cpp)
E:\app\geoEast\NGP\Qt\Qt5.9.9\5.9.9\msvc2017_64\include\QtCore\qurl.h(392,49): error C2804: 二进制“operator |”的参数太多 (编译源文件 mainwindow.cpp)
E:\app\geoEast\NGP\Qt\Qt5.9.9\5.9.9\msvc2017_64\include\QtCore\qurl.h(393,1): error C2333: “TRACEHEADER::operator |”: 函数声明中有错误；跳过函数体 (编译源文件 mainwindow.cpp)
E:\app\geoEast\NGP\Qt\Qt5.9.9\5.9.9\msvc2017_64\include\QtCore\qurl.h(394,49): error C2804: 二进制“operator |”的参数太多 (编译源文件 mainwindow.cpp)
E:\app\geoEast\NGP\Qt\Qt5.9.9\5.9.9\msvc2017_64\include\QtCore\qurl.h(395,1): error C2333: “TRACEHEADER::operator |”: 函数声明中有错误；跳过函数体 (编译源文件 mainwindow.cpp)
E:\app\geoEast\NGP\Qt\Qt5.9.9\5.9.9\msvc2017_64\include\QtCore\qurl.h(396,49): error C2804: 二进制“operator |”的参数太多 (编译源文件 mainwindow.cpp)
E:\app\geoEast\NGP\Qt\Qt5.9.9\5.9.9\msvc2017_64\include\QtCore\qurl.h(397,1): error C2333: “TRACEHEADER::operator |”: 函数声明中有错误；跳过函数体 (编译源文件 mainwindow.cpp)
E:\app\geoEast\NGP\Qt\Qt5.9.9\5.9.9\msvc2017_64\include\QtCore\qurl.h(398,49): error C2804: 二进制“operator |”的参数太多 (编译源文件 mainwindow.cpp)
E:\app\geoEast\NGP\Qt\Qt5.9.9\5.9.9\msvc2017_64\include\QtCore\qurl.h(399,1): error C2333: “TRACEHEADER::operator |”: 函数声明中有错误；跳过函数体 (编译源文件 mainwindow.cpp)
E:\app\geoEast\NGP\Qt\Qt5.9.9\5.9.9\msvc2017_64\include\QtCore\qurl.h(400,49): error C2804: 二进制“operator |”的参数太多 (编译源文件 mainwindow.cpp)
E:\app\geoEast\NGP\Qt\Qt5.9.9\5.9.9\msvc2017_64\include\QtCore\qurl.h(401,1): error C2333: “TRACEHEADER::operator |”: 函数声明中有错误；跳过函数体 (编译源文件 mainwindow.cpp)
E:\app\geoEast\NGP\Qt\Qt5.9.9\5.9.9\msvc2017_64\include\QtCore\qurl.h(402,49): error C2804: 二进制“operator |”的参数太多 (编译源文件 mainwindow.cpp)
E:\app\geoEast\NGP\Qt\Qt5.9.9\5.9.9\msvc2017_64\include\QtCore\qurl.h(403,1): error C2333: “TRACEHEADER::operator |”: 函数声明中有错误；跳过函数体 (编译源文件 mainwindow.cpp)
E:\app\geoEast\NGP\Qt\Qt5.9.9\5.9.9\msvc2017_64\include\QtCore\qurl.h(410,28): error C2804: 二进制“operator <<”的参数太多 (编译源文件 mainwindow.cpp)
E:\app\geoEast\NGP\Qt\Qt5.9.9\5.9.9\msvc2017_64\include\QtCore\qurl.h(411,28): error C2804: 二进制“operator >>”的参数太多 (编译源文件 mainwindow.cpp)
E:\app\geoEast\NGP\Qt\Qt5.9.9\5.9.9\msvc2017_64\include\QtCore\qurl.h(415,22): error C2804: 二进制“operator <<”的参数太多 (编译源文件 mainwindow.cpp)
E:\app\geoEast\NGP\Qt\Qt5.9.9\5.9.9\msvc2017_64\include\QtCore\qfiledevice.h(139,1): error C2804: 二进制“operator |”的参数太多 (编译源文件 mainwindow.cpp)
E:\app\geoEast\NGP\Qt\Qt5.9.9\5.9.9\msvc2017_64\include\QtCore\qfiledevice.h(139,1): error C2333: “TRACEHEADER::operator |”: 函数声明中有错误；跳过函数体 (编译源文件 mainwindow.cpp)
E:\app\geoEast\NGP\Qt\Qt5.9.9\5.9.9\msvc2017_64\include\QtGui\qvector2d.h(132,48): error C3412: “QTypeInfo<TRACEHEADER::QVector2D>”: 不能在当前范围内专用化模板 (编译源文件 mainwindow.cpp)
E:\app\geoEast\NGP\Qt\Qt5.9.9\5.9.9\msvc2017_64\include\QtGui\qvector2d.h(134,36): error C3254: “TRACEHEADER”: 类包含显式重写“{ctor}”，但并不从包含函数声明的接口派生 (编译源文件 mainwindow.cpp)
E:\app\geoEast\NGP\Qt\Qt5.9.9\5.9.9\msvc2017_64\include\QtGui\qvector2d.h(134,36): error C2838: “{ctor}”: 成员声明中的限定名称非法 (编译源文件 mainwindow.cpp)
E:\app\geoEast\NGP\Qt\Qt5.9.9\5.9.9\msvc2017_64\include\QtGui\qvector2d.h(136,36): error C3254: “TRACEHEADER”: 类包含显式重写“{ctor}”，但并不从包含函数声明的接口派生 (编译源文件 mainwindow.cpp)
E:\app\geoEast\NGP\Qt\Qt5.9.9\5.9.9\msvc2017_64\include\QtGui\qvector2d.h(136,36): error C2838: “{ctor}”: 成员声明中的限定名称非法 (编译源文件 mainwindow.cpp)
E:\app\geoEast\NGP\Qt\Qt5.9.9\5.9.9\msvc2017_64\include\QtGui\qvector2d.h(138,36): error C3254: “TRACEHEADER”: 类包含显式重写“{ctor}”，但并不从包含函数声明的接口派生 (编译源文件 mainwindow.cpp)
E:\app\geoEast\NGP\Qt\Qt5.9.9\5.9.9\msvc2017_64\include\QtGui\qvector2d.h(138,36): error C2838: “{ctor}”: 成员声明中的限定名称非法 (编译源文件 mainwindow.cpp)
E:\app\geoEast\NGP\Qt\Qt5.9.9\5.9.9\msvc2017_64\include\QtGui\qvector2d.h(140,36): error C3254: “TRACEHEADER”: 类包含显式重写“{ctor}”，但并不从包含函数声明的接口派生 (编译源文件 mainwindow.cpp)
E:\app\geoEast\NGP\Qt\Qt5.9.9\5.9.9\msvc2017_64\include\QtGui\qvector2d.h(140,36): error C2838: “{ctor}”: 成员声明中的限定名称非法 (编译源文件 mainwindow.cpp)
E:\app\geoEast\NGP\Qt\Qt5.9.9\5.9.9\msvc2017_64\include\QtGui\qvector2d.h(142,24): error C3254: “TRACEHEADER”: 类包含显式重写“isNull”，但并不从包含函数声明的接口派生 (编译源文件 mainwindow.cpp)
E:\app\geoEast\NGP\Qt\Qt5.9.9\5.9.9\msvc2017_64\include\QtGui\qvector2d.h(142,24): error C2838: “isNull”: 成员声明中的限定名称非法 (编译源文件 mainwindow.cpp)
E:\app\geoEast\NGP\Qt\Qt5.9.9\5.9.9\msvc2017_64\include\QtGui\qvector2d.h(147,42): error C3254: “TRACEHEADER”: 类包含显式重写“x”，但并不从包含函数声明的接口派生 (编译源文件 mainwindow.cpp)
E:\app\geoEast\NGP\Qt\Qt5.9.9\5.9.9\msvc2017_64\include\QtGui\qvector2d.h(147,42): error C2838: “x”: 成员声明中的限定名称非法 (编译源文件 mainwindow.cpp)
E:\app\geoEast\NGP\Qt\Qt5.9.9\5.9.9\msvc2017_64\include\QtGui\qvector2d.h(148,42): error C3254: “TRACEHEADER”: 类包含显式重写“y”，但并不从包含函数声明的接口派生 (编译源文件 mainwindow.cpp)
E:\app\geoEast\NGP\Qt\Qt5.9.9\5.9.9\msvc2017_64\include\QtGui\qvector2d.h(148,42): error C2838: “y”: 成员声明中的限定名称非法 (编译源文件 mainwindow.cpp)
E:\app\geoEast\NGP\Qt\Qt5.9.9\5.9.9\msvc2017_64\include\QtGui\qvector2d.h(150,24): error C3254: “TRACEHEADER”: 类包含显式重写“setX”，但并不从包含函数声明的接口派生 (编译源文件 mainwindow.cpp)
E:\app\geoEast\NGP\Qt\Qt5.9.9\5.9.9\msvc2017_64\include\QtGui\qvector2d.h(150,24): error C2838: “setX”: 成员声明中的限定名称非法 (编译源文件 mainwindow.cpp)
E:\app\geoEast\NGP\Qt\Qt5.9.9\5.9.9\msvc2017_64\include\QtGui\qvector2d.h(151,24): error C3254: “TRACEHEADER”: 类包含显式重写“setY”，但并不从包含函数声明的接口派生 (编译源文件 mainwindow.cpp)
E:\app\geoEast\NGP\Qt\Qt5.9.9\5.9.9\msvc2017_64\include\QtGui\qvector2d.h(151,24): error C2838: “setY”: 成员声明中的限定名称非法 (编译源文件 mainwindow.cpp)
E:\app\geoEast\NGP\Qt\Qt5.9.9\5.9.9\msvc2017_64\include\QtGui\qvector2d.h(153,26): error C3254: “TRACEHEADER”: 类包含显式重写“[]”，但并不从包含函数声明的接口派生 (编译源文件 mainwindow.cpp)
E:\app\geoEast\NGP\Qt\Qt5.9.9\5.9.9\msvc2017_64\include\QtGui\qvector2d.h(153,26): error C2838: “[]”: 成员声明中的限定名称非法 (编译源文件 mainwindow.cpp)
E:\app\geoEast\NGP\Qt\Qt5.9.9\5.9.9\msvc2017_64\include\QtGui\qvector2d.h(159,25): error C3254: “TRACEHEADER”: 类包含显式重写“[]”，但并不从包含函数声明的接口派生 (编译源文件 mainwindow.cpp)
E:\app\geoEast\NGP\Qt\Qt5.9.9\5.9.9\msvc2017_64\include\QtGui\qvector2d.h(159,25): error C2838: “[]”: 成员声明中的限定名称非法 (编译源文件 mainwindow.cpp)
E:\app\geoEast\NGP\Qt\Qt5.9.9\5.9.9\msvc2017_64\include\QtGui\qvector2d.h(165,30): error C3254: “TRACEHEADER”: 类包含显式重写“+=”，但并不从包含函数声明的接口派生 (编译源文件 mainwindow.cpp)
E:\app\geoEast\NGP\Qt\Qt5.9.9\5.9.9\msvc2017_64\include\QtGui\qvector2d.h(165,30): error C2838: “+=”: 成员声明中的限定名称非法 (编译源文件 mainwindow.cpp)
E:\app\geoEast\NGP\Qt\Qt5.9.9\5.9.9\msvc2017_64\include\QtGui\qvector2d.h(172,30): error C3254: “TRACEHEADER”: 类包含显式重写“-=”，但并不从包含函数声明的接口派生 (编译源文件 mainwindow.cpp)
E:\app\geoEast\NGP\Qt\Qt5.9.9\5.9.9\msvc2017_64\include\QtGui\qvector2d.h(172,30): error C2838: “-=”: 成员声明中的限定名称非法 (编译源文件 mainwindow.cpp)
E:\app\geoEast\NGP\Qt\Qt5.9.9\5.9.9\msvc2017_64\include\QtGui\qvector2d.h(179,30): error C3254: “TRACEHEADER”: 类包含显式重写“*=”，但并不从包含函数声明的接口派生 (编译源文件 mainwindow.cpp)
E:\app\geoEast\NGP\Qt\Qt5.9.9\5.9.9\msvc2017_64\include\QtGui\qvector2d.h(179,30): error C2838: “*=”: 成员声明中的限定名称非法 (编译源文件 mainwindow.cpp)
E:\app\geoEast\NGP\Qt\Qt5.9.9\5.9.9\msvc2017_64\include\QtGui\qvector2d.h(186,30): error C3254: “TRACEHEADER”: 类包含显式重写“*=”，但并不从包含函数声明的接口派生 (编译源文件 mainwindow.cpp)
E:\app\geoEast\NGP\Qt\Qt5.9.9\5.9.9\msvc2017_64\include\QtGui\qvector2d.h(186,30): error C2838: “*=”: 成员声明中的限定名称非法 (编译源文件 mainwindow.cpp)
E:\app\geoEast\NGP\Qt\Qt5.9.9\5.9.9\msvc2017_64\include\QtGui\qvector2d.h(193,30): error C3254: “TRACEHEADER”: 类包含显式重写“/=”，但并不从包含函数声明的接口派生 (编译源文件 mainwindow.cpp)
E:\app\geoEast\NGP\Qt\Qt5.9.9\5.9.9\msvc2017_64\include\QtGui\qvector2d.h(193,30): error C2838: “/=”: 成员声明中的限定名称非法 (编译源文件 mainwindow.cpp)
E:\app\geoEast\NGP\Qt\Qt5.9.9\5.9.9\msvc2017_64\include\QtGui\qvector2d.h(200,30): error C3254: “TRACEHEADER”: 类包含显式重写“/=”，但并不从包含函数声明的接口派生 (编译源文件 mainwindow.cpp)
E:\app\geoEast\NGP\Qt\Qt5.9.9\5.9.9\msvc2017_64\include\QtGui\qvector2d.h(200,30): error C2838: “/=”: 成员声明中的限定名称非法 (编译源文件 mainwindow.cpp)
E:\app\geoEast\NGP\Qt\Qt5.9.9\5.9.9\msvc2017_64\include\QtGui\qvector2d.h(210,30): error C2804: 二进制“operator ==”的参数太多 (编译源文件 mainwindow.cpp)
E:\app\geoEast\NGP\Qt\Qt5.9.9\5.9.9\msvc2017_64\include\QtGui\qvector2d.h(211,1): error C2333: “TRACEHEADER::operator ==”: 函数声明中有错误；跳过函数体 (编译源文件 mainwindow.cpp)
E:\app\geoEast\NGP\Qt\Qt5.9.9\5.9.9\msvc2017_64\include\QtGui\qvector2d.h(215,30): error C2804: 二进制“operator !=”的参数太多 (编译源文件 mainwindow.cpp)
E:\app\geoEast\NGP\Qt\Qt5.9.9\5.9.9\msvc2017_64\include\QtGui\qvector2d.h(216,1): error C2333: “TRACEHEADER::operator !=”: 函数声明中有错误；跳过函数体 (编译源文件 mainwindow.cpp)
E:\app\geoEast\NGP\Qt\Qt5.9.9\5.9.9\msvc2017_64\include\QtGui\qvector2d.h(221,41): error C2804: 二进制“operator +”的参数太多 (编译源文件 mainwindow.cpp)
E:\app\geoEast\NGP\Qt\Qt5.9.9\5.9.9\msvc2017_64\include\QtGui\qvector2d.h(222,1): error C2333: “TRACEHEADER::operator +”: 函数声明中有错误；跳过函数体 (编译源文件 mainwindow.cpp)
E:\app\geoEast\NGP\Qt\Qt5.9.9\5.9.9\msvc2017_64\include\QtGui\qvector2d.h(222,1): fatal  error C1003: 错误计数超过 100；正在停止编译 (编译源文件 mainwindow.cpp)
E:\Proj\QtProj\shiyouT\mainwindow.h(1,1): warning C4819: 该文件包含不能在当前代码页(936)中表示的字符。请将该文件保存为 Unicode 格式以防止数据丢失 (编译源文件 main.cpp)
E:\Proj\QtProj\shiyouT\csegyread.h(1,1): warning C4819: 该文件包含不能在当前代码页(936)中表示的字符。请将该文件保存为 Unicode 格式以防止数据丢失 (编译源文件 main.cpp)
E:\Proj\QtProj\shiyouT\csegyread.h(190,6): error C2059: 语法错误:“-” (编译源文件 main.cpp)
E:\Proj\QtProj\shiyouT\csegyread.h(190,11): error C3872: “0x2015”: 此字符不允许在标识符中使用 (编译源文件 main.cpp)
E:\Proj\QtProj\shiyouT\csegyread.h(190,61): error C3872: “0xe15f”: 此字符不允许在标识符中使用 (编译源文件 main.cpp)
E:\Proj\QtProj\shiyouT\csegyread.h(191,10): error C3872: “0xe046”: 此字符不允许在标识符中使用 (编译源文件 main.cpp)
E:\Proj\QtProj\shiyouT\csegyread.h(199,6): warning C4138: 在注释外找到“*/” (编译源文件 main.cpp)
E:\Proj\QtProj\shiyouT\csegyread.h(201,23): error C2238: 意外的标记位于“;”之前 (编译源文件 main.cpp)
E:\app\QT\5.15.2\mingw81_64\include\Qwt\qwt_event_pattern.h(227,13): error C2804: 二进制“operator ==”的参数太多 (编译源文件 main.cpp)
E:\app\QT\5.15.2\mingw81_64\include\Qwt\qwt_event_pattern.h(229,1): error C2333: “TRACEHEADER::operator ==”: 函数声明中有错误；跳过函数体 (编译源文件 main.cpp)
E:\app\QT\5.15.2\mingw81_64\include\Qwt\qwt_event_pattern.h(234,13): error C2804: 二进制“operator ==”的参数太多 (编译源文件 main.cpp)
E:\app\QT\5.15.2\mingw81_64\include\Qwt\qwt_event_pattern.h(236,1): error C2333: “TRACEHEADER::operator ==”: 函数声明中有错误；跳过函数体 (编译源文件 main.cpp)
E:\app\QT\5.15.2\mingw81_64\include\Qwt\qwt_plot_canvas.h(169,1): error C2804: 二进制“operator |”的参数太多 (编译源文件 main.cpp)
E:\app\QT\5.15.2\mingw81_64\include\Qwt\qwt_plot_canvas.h(169,1): error C2333: “TRACEHEADER::operator |”: 函数声明中有错误；跳过函数体 (编译源文件 main.cpp)
E:\app\QT\5.15.2\mingw81_64\include\Qwt\qwt_plot_renderer.h(167,1): error C2804: 二进制“operator |”的参数太多 (编译源文件 main.cpp)
E:\app\QT\5.15.2\mingw81_64\include\Qwt\qwt_plot_renderer.h(167,1): error C2333: “TRACEHEADER::operator |”: 函数声明中有错误；跳过函数体 (编译源文件 main.cpp)
E:\app\QT\5.15.2\mingw81_64\include\Qwt\qwt_plot_renderer.h(168,1): error C2804: 二进制“operator |”的参数太多 (编译源文件 main.cpp)
E:\app\QT\5.15.2\mingw81_64\include\Qwt\qwt_plot_renderer.h(168,1): error C2333: “TRACEHEADER::operator |”: 函数声明中有错误；跳过函数体 (编译源文件 main.cpp)
E:\Proj\QtProj\shiyouT\mainwindow.h(27,14): error C2334: “{”的前面有意外标记；跳过明显的函数体 (编译源文件 main.cpp)
E:\Proj\QtProj\shiyouT\mainwindow.h(140,5): error C2653: “Ui”: 不是类或命名空间名称 (编译源文件 main.cpp)
E:\Proj\QtProj\shiyouT\csegyread.h(1,1): warning C4819: 该文件包含不能在当前代码页(936)中表示的字符。请将该文件保存为 Unicode 格式以防止数据丢失 (编译源文件 main.cpp)
E:\Proj\QtProj\shiyouT\main.cpp(74,1): error C2059: 语法错误:“using namespace”
E:\Proj\QtProj\shiyouT\main.cpp(74,1): error C2238: 意外的标记位于“;”之前
E:\Proj\QtProj\shiyouT\main.cpp(206,6): error C2535: “void TRACEHEADER::loadData(void)”: 已经定义或声明成员函数
E:\Proj\QtProj\shiyouT\main.cpp(149,6): message : 参见“TRACEHEADER::loadData”的声明
E:\Proj\QtProj\shiyouT\main.cpp(275,6): error C2535: “void TRACEHEADER::setParameters(void)”: 已经定义或声明成员函数
E:\Proj\QtProj\shiyouT\main.cpp(147,6): message : 参见“TRACEHEADER::setParameters”的声明
E:\Proj\QtProj\shiyouT\main.cpp(373,52): error C2001: 常量中有换行符
E:\Proj\QtProj\shiyouT\main.cpp(373,29): fatal  error C1075: “{”: 未找到匹配令牌
